<?xml version="1.0" encoding="UTF-8"?>
<testng-results ignored="0" total="1" passed="1" failed="0" skipped="0">
  <reporter-output>
  </reporter-output>
  <suite started-at="2023-02-09T21:12:31 CST" name="Default suite" finished-at="2023-02-09T21:13:27 CST" duration-ms="56052">
    <groups>
    </groups>
    <test started-at="2023-02-09T21:12:31 CST" name="Default test" finished-at="2023-02-09T21:13:27 CST" duration-ms="56052">
      <class name="mx.testng.Skandia.Acceso">
        <test-method is-config="true" signature="beforeTest()[pri:0, instance:mx.testng.Skandia.Acceso@4278a03f]" started-at="2023-02-09T21:12:31 CST" name="beforeTest" finished-at="2023-02-09T21:12:34 CST" duration-ms="3319" status="PASS">
          <reporter-output>
          </reporter-output>
        </test-method> <!-- beforeTest -->
        <test-method signature="Bloqueo()[pri:0, instance:mx.testng.Skandia.Acceso@4278a03f]" started-at="2023-02-09T21:12:35 CST" name="Bloqueo" finished-at="2023-02-09T21:13:26 CST" duration-ms="51297" status="PASS">
          <reporter-output>
          </reporter-output>
        </test-method> <!-- Bloqueo -->
        <test-method is-config="true" signature="afterTest()[pri:0, instance:mx.testng.Skandia.Acceso@4278a03f]" started-at="2023-02-09T21:13:26 CST" name="afterTest" finished-at="2023-02-09T21:13:27 CST" duration-ms="1382" status="PASS">
          <reporter-output>
          </reporter-output>
        </test-method> <!-- afterTest -->
      </class> <!-- mx.testng.Skandia.Acceso -->
    </test> <!-- Default test -->
  </suite> <!-- Default suite -->
</testng-results>
